<?xml version="1.0" encoding="UTF-8"?>
<testsuite xmlns:xsi="http://www.w3.org/2001/XMLSchema-instance" xsi:noNamespaceSchemaLocation="https://maven.apache.org/surefire/maven-surefire-plugin/xsd/surefire-test-report.xsd" name="com.example.hospitalmanage.HospitalManageApplicationTests" time="0.181" tests="1" errors="1" skipped="0" failures="0">
  <properties>
[...]
</properties>
  <testcase name="com.example.hospitalmanage.HospitalManageApplicationTests" classname="com.example.hospitalmanage.HospitalManageApplicationTests" time="0.18">
    <error message="Unable to find a @SpringBootConfiguration, you need to use @ContextConfiguration or @SpringBootTest(classes=...) with your test" type="java.lang.IllegalStateException">java.lang.IllegalStateException: Unable to find a @SpringBootConfiguration, you need to use @ContextConfiguration or @SpringBootTest(classes=...) with your test
</error>
    <system-out><![CDATA[18:28:41.450 [main] DEBUG org.springframework.test.context.BootstrapUtils - Instantiating CacheAwareContextLoaderDelegate from class [org.springframework.test.context.cache.DefaultCacheAwareContextLoaderDelegate]
18:28:41.459 [main] DEBUG org.springframework.test.context.BootstrapUtils - Instantiating BootstrapContext using constructor [public org.springframework.test.context.support.DefaultBootstrapContext(java.lang.Class,org.springframework.test.context.CacheAwareContextLoaderDelegate)]
18:28:41.478 [main] DEBUG org.springframework.test.context.BootstrapUtils - Instantiating TestContextBootstrapper for test class [com.example.hospitalmanage.HospitalManageApplicationTests] from class [org.springframework.boot.test.context.SpringBootTestContextBootstrapper]
18:28:41.491 [main] INFO org.springframework.boot.test.context.SpringBootTestContextBootstrapper - Neither @ContextConfiguration nor @ContextHierarchy found for test class [com.example.hospitalmanage.HospitalManageApplicationTests], using SpringBootContextLoader
18:28:41.493 [main] DEBUG org.springframework.test.context.support.AbstractContextLoader - Did not detect default resource location for test class [com.example.hospitalmanage.HospitalManageApplicationTests]: class path resource [com/example/hospitalmanage/HospitalManageApplicationTests-context.xml] does not exist
18:28:41.494 [main] DEBUG org.springframework.test.context.support.AbstractContextLoader - Did not detect default resource location for test class [com.example.hospitalmanage.HospitalManageApplicationTests]: class path resource [com/example/hospitalmanage/HospitalManageApplicationTestsContext.groovy] does not exist
18:28:41.494 [main] INFO org.springframework.test.context.support.AbstractContextLoader - Could not detect default resource locations for test class [com.example.hospitalmanage.HospitalManageApplicationTests]: no resource found for suffixes {-context.xml, Context.groovy}.
18:28:41.494 [main] INFO org.springframework.test.context.support.AnnotationConfigContextLoaderUtils - Could not detect default configuration classes for test class [com.example.hospitalmanage.HospitalManageApplicationTests]: HospitalManageApplicationTests does not declare any static, non-private, non-final, nested classes annotated with @Configuration.
18:28:41.520 [main] DEBUG org.springframework.test.context.support.ActiveProfilesUtils - Could not find an 'annotation declaring class' for annotation type [org.springframework.test.context.ActiveProfiles] and class [com.example.hospitalmanage.HospitalManageApplicationTests]
18:28:41.568 [main] DEBUG org.springframework.test.context.BootstrapUtils - Instantiating CacheAwareContextLoaderDelegate from class [org.springframework.test.context.cache.DefaultCacheAwareContextLoaderDelegate]
18:28:41.568 [main] DEBUG org.springframework.test.context.BootstrapUtils - Instantiating BootstrapContext using constructor [public org.springframework.test.context.support.DefaultBootstrapContext(java.lang.Class,org.springframework.test.context.CacheAwareContextLoaderDelegate)]
18:28:41.569 [main] DEBUG org.springframework.test.context.BootstrapUtils - Instantiating TestContextBootstrapper for test class [com.example.hospitalmanage.HospitalManageApplicationTests] from class [org.springframework.boot.test.context.SpringBootTestContextBootstrapper]
18:28:41.569 [main] INFO org.springframework.boot.test.context.SpringBootTestContextBootstrapper - Neither @ContextConfiguration nor @ContextHierarchy found for test class [com.example.hospitalmanage.HospitalManageApplicationTests], using SpringBootContextLoader
18:28:41.570 [main] DEBUG org.springframework.test.context.support.AbstractContextLoader - Did not detect default resource location for test class [com.example.hospitalmanage.HospitalManageApplicationTests]: class path resource [com/example/hospitalmanage/HospitalManageApplicationTests-context.xml] does not exist
18:28:41.570 [main] DEBUG org.springframework.test.context.support.AbstractContextLoader - Did not detect default resource location for test class [com.example.hospitalmanage.HospitalManageApplicationTests]: class path resource [com/example/hospitalmanage/HospitalManageApplicationTestsContext.groovy] does not exist
18:28:41.570 [main] INFO org.springframework.test.context.support.AbstractContextLoader - Could not detect default resource locations for test class [com.example.hospitalmanage.HospitalManageApplicationTests]: no resource found for suffixes {-context.xml, Context.groovy}.
18:28:41.570 [main] INFO org.springframework.test.context.support.AnnotationConfigContextLoaderUtils - Could not detect default configuration classes for test class [com.example.hospitalmanage.HospitalManageApplicationTests]: HospitalManageApplicationTests does not declare any static, non-private, non-final, nested classes annotated with @Configuration.
18:28:41.571 [main] DEBUG org.springframework.test.context.support.ActiveProfilesUtils - Could not find an 'annotation declaring class' for annotation type [org.springframework.test.context.ActiveProfiles] and class [com.example.hospitalmanage.HospitalManageApplicationTests]
18:28:41.587 [main] DEBUG org.springframework.test.context.BootstrapUtils - Instantiating CacheAwareContextLoaderDelegate from class [org.springframework.test.context.cache.DefaultCacheAwareContextLoaderDelegate]
18:28:41.587 [main] DEBUG org.springframework.test.context.BootstrapUtils - Instantiating BootstrapContext using constructor [public org.springframework.test.context.support.DefaultBootstrapContext(java.lang.Class,org.springframework.test.context.CacheAwareContextLoaderDelegate)]
18:28:41.587 [main] DEBUG org.springframework.test.context.BootstrapUtils - Instantiating TestContextBootstrapper for test class [com.example.hospitalmanage.HospitalManageApplicationTests] from class [org.springframework.boot.test.context.SpringBootTestContextBootstrapper]
18:28:41.587 [main] INFO org.springframework.boot.test.context.SpringBootTestContextBootstrapper - Neither @ContextConfiguration nor @ContextHierarchy found for test class [com.example.hospitalmanage.HospitalManageApplicationTests], using SpringBootContextLoader
18:28:41.588 [main] DEBUG org.springframework.test.context.support.AbstractContextLoader - Did not detect default resource location for test class [com.example.hospitalmanage.HospitalManageApplicationTests]: class path resource [com/example/hospitalmanage/HospitalManageApplicationTests-context.xml] does not exist
18:28:41.588 [main] DEBUG org.springframework.test.context.support.AbstractContextLoader - Did not detect default resource location for test class [com.example.hospitalmanage.HospitalManageApplicationTests]: class path resource [com/example/hospitalmanage/HospitalManageApplicationTestsContext.groovy] does not exist
18:28:41.588 [main] INFO org.springframework.test.context.support.AbstractContextLoader - Could not detect default resource locations for test class [com.example.hospitalmanage.HospitalManageApplicationTests]: no resource found for suffixes {-context.xml, Context.groovy}.
18:28:41.588 [main] INFO org.springframework.test.context.support.AnnotationConfigContextLoaderUtils - Could not detect default configuration classes for test class [com.example.hospitalmanage.HospitalManageApplicationTests]: HospitalManageApplicationTests does not declare any static, non-private, non-final, nested classes annotated with @Configuration.
18:28:41.589 [main] DEBUG org.springframework.test.context.support.ActiveProfilesUtils - Could not find an 'annotation declaring class' for annotation type [org.springframework.test.context.ActiveProfiles] and class [com.example.hospitalmanage.HospitalManageApplicationTests]
]]></system-out>
  </testcase>
</testsuite>